<?xml version="1.0" encoding="UTF-8"?>
<!-- Generated by org.testng.reporters.JUnitXMLReporter -->
<testsuite hostname="Yogesh-PC" name="Default test" tests="4" failures="0" timestamp="9 Dec 2019 13:11:43 GMT" time="51.681" errors="0">
  <testcase name="jenkins" time="8.952" classname="BasicTest.TEST1"/>
  <testcase name="jenkins1" time="10.899" classname="BasicTest.TEST1"/>
  <testcase name="jenkins2" time="16.78" classname="BasicTest.TEST1"/>
  <testcase name="jenkins3" time="15.015" classname="BasicTest.TEST1"/>
</testsuite> <!-- Default test -->
