<?xml version="1.0" encoding="UTF-8"?>
<!-- Generated by org.testng.reporters.JUnitXMLReporter -->
<testsuite hostname="Yogesh-PC" ignored="0" name="Test" tests="8" failures="0" timestamp="2019-12-09T23:20:48 IST" time="85.264" errors="0">
  <testcase name="jenkins" time="10.571" classname="BasicTest.TEST1"/>
  <testcase name="jenkins1" time="11.635" classname="BasicTest.TEST1"/>
  <testcase name="jenkins2" time="10.459" classname="BasicTest.TEST1"/>
  <testcase name="jenkins3" time="9.735" classname="BasicTest.TEST1"/>
  <testcase name="jenkins" time="9.337" classname="BasicTest.TEST2"/>
  <testcase name="jenkins1" time="9.995" classname="BasicTest.TEST2"/>
  <testcase name="jenkins2" time="13.218" classname="BasicTest.TEST2"/>
  <testcase name="jenkins3" time="10.193" classname="BasicTest.TEST2"/>
</testsuite> <!-- Test -->
