<?xml version="1.0" encoding="UTF-8"?>
<testng-results skipped="0" failed="0" ignored="0" total="8" passed="8">
  <reporter-output>
  </reporter-output>
  <suite name="Suite" duration-ms="85264" started-at="2019-12-09T23:19:23 IST" finished-at="2019-12-09T23:20:48 IST">
    <groups>
    </groups>
    <test name="Test" duration-ms="85264" started-at="2019-12-09T23:19:23 IST" finished-at="2019-12-09T23:20:48 IST">
      <class name="BasicTest.TEST2">
        <test-method status="PASS" signature="jenkins()[pri:0, instance:BasicTest.TEST2@6e1ec318]" name="jenkins" duration-ms="9337" started-at="2019-12-09T23:20:05 IST" finished-at="2019-12-09T23:20:15 IST">
          <reporter-output>
          </reporter-output>
        </test-method> <!-- jenkins -->
        <test-method status="PASS" signature="jenkins1()[pri:0, instance:BasicTest.TEST2@6e1ec318]" name="jenkins1" duration-ms="9995" started-at="2019-12-09T23:20:15 IST" finished-at="2019-12-09T23:20:25 IST">
          <reporter-output>
          </reporter-output>
        </test-method> <!-- jenkins1 -->
        <test-method status="PASS" signature="jenkins2()[pri:0, instance:BasicTest.TEST2@6e1ec318]" name="jenkins2" duration-ms="13218" started-at="2019-12-09T23:20:25 IST" finished-at="2019-12-09T23:20:38 IST">
          <reporter-output>
          </reporter-output>
        </test-method> <!-- jenkins2 -->
        <test-method status="PASS" signature="jenkins3()[pri:0, instance:BasicTest.TEST2@6e1ec318]" name="jenkins3" duration-ms="10193" started-at="2019-12-09T23:20:38 IST" finished-at="2019-12-09T23:20:48 IST">
          <reporter-output>
          </reporter-output>
        </test-method> <!-- jenkins3 -->
      </class> <!-- BasicTest.TEST2 -->
      <class name="BasicTest.TEST1">
        <test-method status="PASS" signature="jenkins()[pri:0, instance:BasicTest.TEST1@10bdf5e5]" name="jenkins" duration-ms="10571" started-at="2019-12-09T23:19:23 IST" finished-at="2019-12-09T23:19:33 IST">
          <reporter-output>
          </reporter-output>
        </test-method> <!-- jenkins -->
        <test-method status="PASS" signature="jenkins1()[pri:0, instance:BasicTest.TEST1@10bdf5e5]" name="jenkins1" duration-ms="11635" started-at="2019-12-09T23:19:33 IST" finished-at="2019-12-09T23:19:45 IST">
          <reporter-output>
          </reporter-output>
        </test-method> <!-- jenkins1 -->
        <test-method status="PASS" signature="jenkins2()[pri:0, instance:BasicTest.TEST1@10bdf5e5]" name="jenkins2" duration-ms="10459" started-at="2019-12-09T23:19:45 IST" finished-at="2019-12-09T23:19:56 IST">
          <reporter-output>
          </reporter-output>
        </test-method> <!-- jenkins2 -->
        <test-method status="PASS" signature="jenkins3()[pri:0, instance:BasicTest.TEST1@10bdf5e5]" name="jenkins3" duration-ms="9735" started-at="2019-12-09T23:19:56 IST" finished-at="2019-12-09T23:20:05 IST">
          <reporter-output>
          </reporter-output>
        </test-method> <!-- jenkins3 -->
      </class> <!-- BasicTest.TEST1 -->
    </test> <!-- Test -->
  </suite> <!-- Suite -->
</testng-results>
